
*** Running vivado
    with args -log tribonacci_HLSM.vds -m64 -product Vivado -mode batch -messageDb vivado.pb -notrace -source tribonacci_HLSM.tcl


****** Vivado v2023.1 (64-bit)
  **** SW Build 3865809 on Sun May  7 15:04:56 MDT 2023
  **** IP Build 3864474 on Sun May  7 20:36:21 MDT 2023
  **** SharedData Build 3865790 on Sun May 07 13:33:03 MDT 2023
    ** Copyright 1986-2022 Xilinx, Inc. All Rights Reserved.
    ** Copyright 2022-2023 Advanced Micro Devices, Inc. All Rights Reserved.

source tribonacci_HLSM.tcl -notrace
Command: read_checkpoint -auto_incremental -incremental /home/sbo/SSDS/Exams/2023-09-21/ex3_Tribonacci_FSM-D/ex3_Tribonacci_FSM-D.srcs/utils_1/imports/synth_1/tribonacci_HLSM.dcp
INFO: [Vivado 12-5825] Read reference checkpoint from /home/sbo/SSDS/Exams/2023-09-21/ex3_Tribonacci_FSM-D/ex3_Tribonacci_FSM-D.srcs/utils_1/imports/synth_1/tribonacci_HLSM.dcp for incremental synthesis
INFO: [Vivado 12-7989] Please ensure there are no constraint changes
Command: synth_design -top tribonacci_HLSM -part xc7k70tfbv676-1
Starting synth_design
Attempting to get a license for feature 'Synthesis' and/or device 'xc7k70t'
INFO: [Common 17-349] Got license for feature 'Synthesis' and/or device 'xc7k70t'
INFO: [Designutils 20-5440] No compile time benefit to using incremental synthesis; A full resynthesis will be run
INFO: [Designutils 20-4379] Flow is switching to default flow due to incremental criteria not met. If you would like to alter this behaviour and have the flow terminate instead, please set the following parameter config_implementation {autoIncr.Synth.RejectBehavior Terminate}
INFO: [Synth 8-7079] Multithreading enabled for synth_design using a maximum of 4 processes.
INFO: [Synth 8-7078] Launching helper process for spawning children vivado processes
INFO: [Synth 8-7075] Helper process launched with PID 44943
---------------------------------------------------------------------------------
Starting Synthesize : Time (s): cpu = 00:00:02 ; elapsed = 00:00:02 . Memory (MB): peak = 1696.883 ; gain = 354.832 ; free physical = 15014 ; free virtual = 31198
---------------------------------------------------------------------------------
INFO: [Synth 8-638] synthesizing module 'tribonacci_HLSM' [/home/sbo/SSDS/Exams/2023-09-21/ex3_Tribonacci_FSM-D/ex3_Tribonacci_FSM-D.srcs/sources_1/new/tribonacci_HLSM.vhd:48]
INFO: [Synth 8-256] done synthesizing module 'tribonacci_HLSM' (0#1) [/home/sbo/SSDS/Exams/2023-09-21/ex3_Tribonacci_FSM-D/ex3_Tribonacci_FSM-D.srcs/sources_1/new/tribonacci_HLSM.vhd:48]
WARNING: [Synth 8-6014] Unused sequential element trib_ppp_reg was removed.  [/home/sbo/SSDS/Exams/2023-09-21/ex3_Tribonacci_FSM-D/ex3_Tribonacci_FSM-D.srcs/sources_1/new/tribonacci_HLSM.vhd:64]
---------------------------------------------------------------------------------
Finished Synthesize : Time (s): cpu = 00:00:03 ; elapsed = 00:00:03 . Memory (MB): peak = 1762.852 ; gain = 420.801 ; free physical = 14932 ; free virtual = 31116
---------------------------------------------------------------------------------
---------------------------------------------------------------------------------
Finished Constraint Validation : Time (s): cpu = 00:00:03 ; elapsed = 00:00:03 . Memory (MB): peak = 1777.695 ; gain = 435.645 ; free physical = 14924 ; free virtual = 31108
---------------------------------------------------------------------------------
---------------------------------------------------------------------------------
Start Loading Part and Timing Information
---------------------------------------------------------------------------------
Loading part: xc7k70tfbv676-1
INFO: [Device 21-403] Loading part xc7k70tfbv676-1
---------------------------------------------------------------------------------
Finished Loading Part and Timing Information : Time (s): cpu = 00:00:03 ; elapsed = 00:00:03 . Memory (MB): peak = 1785.699 ; gain = 443.648 ; free physical = 14924 ; free virtual = 31108
---------------------------------------------------------------------------------
WARNING: [Synth 8-327] inferring latch for variable 'nextIndex_reg' [/home/sbo/SSDS/Exams/2023-09-21/ex3_Tribonacci_FSM-D/ex3_Tribonacci_FSM-D.srcs/sources_1/new/tribonacci_HLSM.vhd:76]
---------------------------------------------------------------------------------
Finished RTL Optimization Phase 2 : Time (s): cpu = 00:00:03 ; elapsed = 00:00:03 . Memory (MB): peak = 1794.605 ; gain = 452.555 ; free physical = 14916 ; free virtual = 31101
---------------------------------------------------------------------------------
No constraint files found.
---------------------------------------------------------------------------------
Start RTL Component Statistics 
---------------------------------------------------------------------------------
Detailed RTL Component Info : 
+---Adders : 
	   3 Input   12 Bit       Adders := 1     
	   2 Input    4 Bit       Adders := 1     
+---Registers : 
	               12 Bit    Registers := 3     
	                4 Bit    Registers := 1     
	                1 Bit    Registers := 2     
+---Muxes : 
	   2 Input   12 Bit        Muxes := 4     
	   4 Input   12 Bit        Muxes := 1     
	   2 Input    1 Bit        Muxes := 3     
---------------------------------------------------------------------------------
Finished RTL Component Statistics 
---------------------------------------------------------------------------------
---------------------------------------------------------------------------------
Start Part Resource Summary
---------------------------------------------------------------------------------
Part Resources:
DSPs: 240 (col length:80)
BRAMs: 270 (col length: RAMB18 80 RAMB36 40)
---------------------------------------------------------------------------------
Finished Part Resource Summary
---------------------------------------------------------------------------------
No constraint files found.
---------------------------------------------------------------------------------
Start Cross Boundary and Area Optimization
---------------------------------------------------------------------------------
WARNING: [Synth 8-7080] Parallel synthesis criteria is not met
---------------------------------------------------------------------------------
Finished Cross Boundary and Area Optimization : Time (s): cpu = 00:00:06 ; elapsed = 00:00:06 . Memory (MB): peak = 1923.957 ; gain = 581.906 ; free physical = 14749 ; free virtual = 30928
---------------------------------------------------------------------------------
No constraint files found.
---------------------------------------------------------------------------------
Start Timing Optimization
---------------------------------------------------------------------------------
---------------------------------------------------------------------------------
Finished Timing Optimization : Time (s): cpu = 00:00:06 ; elapsed = 00:00:06 . Memory (MB): peak = 1923.957 ; gain = 581.906 ; free physical = 14749 ; free virtual = 30927
---------------------------------------------------------------------------------
---------------------------------------------------------------------------------
Start Technology Mapping
---------------------------------------------------------------------------------
---------------------------------------------------------------------------------
Finished Technology Mapping : Time (s): cpu = 00:00:06 ; elapsed = 00:00:06 . Memory (MB): peak = 1923.957 ; gain = 581.906 ; free physical = 14749 ; free virtual = 30927
---------------------------------------------------------------------------------
---------------------------------------------------------------------------------
Start IO Insertion
---------------------------------------------------------------------------------
---------------------------------------------------------------------------------
Start Flattening Before IO Insertion
---------------------------------------------------------------------------------
---------------------------------------------------------------------------------
Finished Flattening Before IO Insertion
---------------------------------------------------------------------------------
---------------------------------------------------------------------------------
Start Final Netlist Cleanup
---------------------------------------------------------------------------------
---------------------------------------------------------------------------------
Finished Final Netlist Cleanup
---------------------------------------------------------------------------------
---------------------------------------------------------------------------------
Finished IO Insertion : Time (s): cpu = 00:00:07 ; elapsed = 00:00:08 . Memory (MB): peak = 1923.957 ; gain = 581.906 ; free physical = 14763 ; free virtual = 30942
---------------------------------------------------------------------------------
---------------------------------------------------------------------------------
Start Renaming Generated Instances
---------------------------------------------------------------------------------
---------------------------------------------------------------------------------
Finished Renaming Generated Instances : Time (s): cpu = 00:00:07 ; elapsed = 00:00:08 . Memory (MB): peak = 1923.957 ; gain = 581.906 ; free physical = 14763 ; free virtual = 30942
---------------------------------------------------------------------------------
---------------------------------------------------------------------------------
Start Rebuilding User Hierarchy
---------------------------------------------------------------------------------
---------------------------------------------------------------------------------
Finished Rebuilding User Hierarchy : Time (s): cpu = 00:00:07 ; elapsed = 00:00:08 . Memory (MB): peak = 1923.957 ; gain = 581.906 ; free physical = 14763 ; free virtual = 30942
---------------------------------------------------------------------------------
---------------------------------------------------------------------------------
Start Renaming Generated Ports
---------------------------------------------------------------------------------
---------------------------------------------------------------------------------
Finished Renaming Generated Ports : Time (s): cpu = 00:00:07 ; elapsed = 00:00:08 . Memory (MB): peak = 1923.957 ; gain = 581.906 ; free physical = 14763 ; free virtual = 30942
---------------------------------------------------------------------------------
---------------------------------------------------------------------------------
Start Handling Custom Attributes
---------------------------------------------------------------------------------
---------------------------------------------------------------------------------
Finished Handling Custom Attributes : Time (s): cpu = 00:00:07 ; elapsed = 00:00:08 . Memory (MB): peak = 1923.957 ; gain = 581.906 ; free physical = 14763 ; free virtual = 30942
---------------------------------------------------------------------------------
---------------------------------------------------------------------------------
Start Renaming Generated Nets
---------------------------------------------------------------------------------
---------------------------------------------------------------------------------
Finished Renaming Generated Nets : Time (s): cpu = 00:00:07 ; elapsed = 00:00:08 . Memory (MB): peak = 1923.957 ; gain = 581.906 ; free physical = 14763 ; free virtual = 30942
---------------------------------------------------------------------------------
---------------------------------------------------------------------------------
Start Writing Synthesis Report
---------------------------------------------------------------------------------

Report BlackBoxes: 
+-+--------------+----------+
| |BlackBox name |Instances |
+-+--------------+----------+
+-+--------------+----------+

Report Cell Usage: 
+------+-------+------+
|      |Cell   |Count |
+------+-------+------+
|1     |BUFG   |     1|
|2     |CARRY4 |     3|
|3     |LUT1   |     2|
|4     |LUT2   |     1|
|5     |LUT3   |    13|
|6     |LUT4   |    24|
|7     |LUT5   |    25|
|8     |LUT6   |     2|
|9     |FDCE   |    42|
|10    |LDC    |     4|
|11    |IBUF   |     7|
|12    |OBUF   |    13|
+------+-------+------+

Report Instance Areas: 
+------+---------+-------+------+
|      |Instance |Module |Cells |
+------+---------+-------+------+
|1     |top      |       |   137|
+------+---------+-------+------+
---------------------------------------------------------------------------------
Finished Writing Synthesis Report : Time (s): cpu = 00:00:07 ; elapsed = 00:00:08 . Memory (MB): peak = 1923.957 ; gain = 581.906 ; free physical = 14763 ; free virtual = 30942
---------------------------------------------------------------------------------
Synthesis finished with 0 errors, 0 critical warnings and 3 warnings.
Synthesis Optimization Runtime : Time (s): cpu = 00:00:07 ; elapsed = 00:00:08 . Memory (MB): peak = 1923.957 ; gain = 581.906 ; free physical = 14761 ; free virtual = 30940
Synthesis Optimization Complete : Time (s): cpu = 00:00:07 ; elapsed = 00:00:08 . Memory (MB): peak = 1923.965 ; gain = 581.906 ; free physical = 14761 ; free virtual = 30940
INFO: [Project 1-571] Translating synthesized netlist
Netlist sorting complete. Time (s): cpu = 00:00:00 ; elapsed = 00:00:00 . Memory (MB): peak = 1929.895 ; gain = 0.000 ; free physical = 15040 ; free virtual = 31219
INFO: [Netlist 29-17] Analyzing 7 Unisim elements for replacement
INFO: [Netlist 29-28] Unisim Transformation completed in 0 CPU seconds
INFO: [Project 1-570] Preparing netlist for logic optimization
INFO: [Opt 31-138] Pushed 0 inverter(s) to 0 load pin(s).
Netlist sorting complete. Time (s): cpu = 00:00:00 ; elapsed = 00:00:00 . Memory (MB): peak = 2068.578 ; gain = 0.000 ; free physical = 14949 ; free virtual = 31127
INFO: [Project 1-111] Unisim Transformation Summary:
  A total of 4 instances were transformed.
  LDC => LDCE: 4 instances

Synth Design complete | Checksum: a872f9a4
INFO: [Common 17-83] Releasing license: Synthesis
18 Infos, 3 Warnings, 0 Critical Warnings and 0 Errors encountered.
synth_design completed successfully
synth_design: Time (s): cpu = 00:00:10 ; elapsed = 00:00:09 . Memory (MB): peak = 2068.578 ; gain = 726.527 ; free physical = 14949 ; free virtual = 31127
INFO: [Common 17-2834] synth_design peak Physical Memory [PSS] (MB): overall = 1387.267; main = 1387.267; forked = 0.000
INFO: [Common 17-2834] synth_design peak Virtual Memory [VSS] (MB): overall = 2068.582; main = 2068.582; forked = 0.000
INFO: [Common 17-1381] The checkpoint '/home/sbo/SSDS/Exams/2023-09-21/ex3_Tribonacci_FSM-D/ex3_Tribonacci_FSM-D.runs/synth_1/tribonacci_HLSM.dcp' has been generated.
INFO: [runtcl-4] Executing : report_utilization -file tribonacci_HLSM_utilization_synth.rpt -pb tribonacci_HLSM_utilization_synth.pb
INFO: [Common 17-206] Exiting Vivado at Thu Jan 18 14:56:58 2024...
